2013-12-30 22:36:56,630 0    [main] INFO  - 绑定SN服务端口：10001成功！
2013-12-30 22:36:56,646 16   [main] INFO  - 绑定FSI服务端口：10002成功！
2013-12-30 22:36:56,647 17   [main] INFO  - Master-SN 正在运行..
2013-12-30 22:37:02,558 5928 [Thread-0] INFO  - 接收到SN连接：127.0.0.1:6862
2013-12-30 22:37:02,564 5934 [Thread-2] INFO  -  配置第1个SN，ID:1，位于:127.0.0.1:10005
2013-12-30 22:37:02,564 5934 [Thread-2] INFO  - 已配置fs sn数量:1
2013-12-30 22:37:02,564 5934 [Thread-2] INFO  - 建立心跳成功，来自：SN（1）（127.0.0.1:6862)
2013-12-30 22:38:06,926 70296 [Thread-2] ERROR - SN(1)(127.0.0.1:6862)翘了
2013-12-30 22:38:08,418 71788 [Thread-0] INFO  - 接收到SN连接：127.0.0.1:6872
2013-12-30 22:38:08,421 71791 [Thread-5] INFO  -  配置第1个SN，ID:1，位于:127.0.0.1:10005
2013-12-30 22:38:08,421 71791 [Thread-5] INFO  - 已配置fs sn数量:1
2013-12-30 22:38:08,421 71791 [Thread-5] INFO  - 建立心跳成功，来自：SN（1）（127.0.0.1:6872)
2013-12-30 22:38:36,635 100005 [main] INFO  - Master-SN 正在运行..
2013-12-30 22:40:16,622 199992 [main] INFO  - Master-SN 正在运行..
2013-12-30 22:41:56,610 299980 [main] INFO  - Master-SN 正在运行..
2013-12-30 22:43:36,597 399967 [main] INFO  - Master-SN 正在运行..
2013-12-30 22:45:16,585 499955 [main] INFO  - Master-SN 正在运行..
2013-12-30 22:46:56,572 599942 [main] INFO  - Master-SN 正在运行..
2013-12-30 22:48:36,560 699930 [main] INFO  - Master-SN 正在运行..
2013-12-30 22:50:16,547 799917 [main] INFO  - Master-SN 正在运行..
2013-12-30 22:51:56,535 899905 [main] INFO  - Master-SN 正在运行..
2013-12-30 22:53:36,523 999893 [main] INFO  - Master-SN 正在运行..
2013-12-30 22:55:16,510 1099880 [main] INFO  - Master-SN 正在运行..
2013-12-30 22:56:56,498 1199868 [main] INFO  - Master-SN 正在运行..
2013-12-30 22:58:36,485 1299855 [main] INFO  - Master-SN 正在运行..
2013-12-30 23:00:16,477 1399847 [main] INFO  - Master-SN 正在运行..
2013-12-30 23:01:56,465 1499835 [main] INFO  - Master-SN 正在运行..
2013-12-30 23:03:36,453 1599823 [main] INFO  - Master-SN 正在运行..
2013-12-30 23:05:16,440 1699810 [main] INFO  - Master-SN 正在运行..
2013-12-30 23:06:56,428 1799798 [main] INFO  - Master-SN 正在运行..
2013-12-30 23:08:36,415 1899785 [main] INFO  - Master-SN 正在运行..
2013-12-30 23:10:16,403 1999773 [main] INFO  - Master-SN 正在运行..
2013-12-30 23:11:56,411 2099781 [main] INFO  - Master-SN 正在运行..
2013-12-30 23:13:36,399 2199769 [main] INFO  - Master-SN 正在运行..
2013-12-30 23:15:16,386 2299756 [main] INFO  - Master-SN 正在运行..
2013-12-30 23:16:56,374 2399744 [main] INFO  - Master-SN 正在运行..
2013-12-30 23:18:36,361 2499731 [main] INFO  - Master-SN 正在运行..
2013-12-30 23:20:16,349 2599719 [main] INFO  - Master-SN 正在运行..
2013-12-30 23:21:56,336 2699706 [main] INFO  - Master-SN 正在运行..
2013-12-30 23:23:36,324 2799694 [main] INFO  - Master-SN 正在运行..
2013-12-30 23:25:16,311 2899681 [main] INFO  - Master-SN 正在运行..
2013-12-30 23:26:56,299 2999669 [main] INFO  - Master-SN 正在运行..
2013-12-30 23:28:36,286 3099656 [main] INFO  - Master-SN 正在运行..
2013-12-30 23:30:16,274 3199644 [main] INFO  - Master-SN 正在运行..
2013-12-30 23:31:56,261 3299631 [main] INFO  - Master-SN 正在运行..
2013-12-30 23:33:36,267 3399637 [main] INFO  - Master-SN 正在运行..
2013-12-30 23:35:16,254 3499624 [main] INFO  - Master-SN 正在运行..
2013-12-30 23:36:56,242 3599612 [main] INFO  - Master-SN 正在运行..
2013-12-30 23:38:36,229 3699599 [main] INFO  - Master-SN 正在运行..
2013-12-30 23:38:58,909 3722279 [Thread-0] INFO  - 接收到SN连接：127.0.0.1:7771
2013-12-30 23:38:58,920 3722290 [Thread-7] INFO  -  配置第2个SN，ID:1，位于:127.0.0.1:10005
2013-12-30 23:38:58,920 3722290 [Thread-7] INFO  - 已配置fs sn数量:2
2013-12-30 23:38:58,920 3722290 [Thread-7] INFO  - 建立心跳成功，来自：SN（1）（127.0.0.1:7771)
2013-12-30 23:39:24,180 3747550 [Thread-7] ERROR - SN(1)(127.0.0.1:7771)翘了
2013-12-30 23:40:16,217 3799587 [main] INFO  - Master-SN 正在运行..
2013-12-30 23:41:56,204 3899574 [main] INFO  - Master-SN 正在运行..
2013-12-30 23:43:36,192 3999562 [main] INFO  - Master-SN 正在运行..
2013-12-30 23:45:16,179 4099549 [main] INFO  - Master-SN 正在运行..
2013-12-30 23:46:56,167 4199537 [main] INFO  - Master-SN 正在运行..
2013-12-30 23:48:36,154 4299524 [main] INFO  - Master-SN 正在运行..
2013-12-30 23:50:16,142 4399512 [main] INFO  - Master-SN 正在运行..
2013-12-30 23:51:56,129 4499499 [main] INFO  - Master-SN 正在运行..
2013-12-30 23:53:36,117 4599487 [main] INFO  - Master-SN 正在运行..
2013-12-30 23:55:16,135 4699505 [main] INFO  - Master-SN 正在运行..
2013-12-30 23:56:56,122 4799492 [main] INFO  - Master-SN 正在运行..
2013-12-30 23:58:36,110 4899480 [main] INFO  - Master-SN 正在运行..
2013-12-31 00:00:16,097 4999467 [main] INFO  - Master-SN 正在运行..
2013-12-31 00:01:56,085 5099455 [main] INFO  - Master-SN 正在运行..
2013-12-31 00:03:36,072 5199442 [main] INFO  - Master-SN 正在运行..
2013-12-31 00:05:16,060 5299430 [main] INFO  - Master-SN 正在运行..
2013-12-31 00:06:56,047 5399417 [main] INFO  - Master-SN 正在运行..
2013-12-31 00:08:36,035 5499405 [main] INFO  - Master-SN 正在运行..
2013-12-31 00:10:16,022 5599392 [main] INFO  - Master-SN 正在运行..
2013-12-31 00:11:56,010 5699380 [main] INFO  - Master-SN 正在运行..
2013-12-31 00:13:35,997 5799367 [main] INFO  - Master-SN 正在运行..
2013-12-31 00:15:15,985 5899355 [main] INFO  - Master-SN 正在运行..
2013-12-31 00:16:55,972 5999342 [main] INFO  - Master-SN 正在运行..
2013-12-31 00:18:35,960 6099330 [main] INFO  - Master-SN 正在运行..
2013-12-31 00:20:15,947 6199317 [main] INFO  - Master-SN 正在运行..
2013-12-31 00:21:55,935 6299305 [main] INFO  - Master-SN 正在运行..
2013-12-31 00:23:35,924 6399294 [main] INFO  - Master-SN 正在运行..
2013-12-31 00:25:15,911 6499281 [main] INFO  - Master-SN 正在运行..
2013-12-31 00:26:55,899 6599269 [main] INFO  - Master-SN 正在运行..
2013-12-31 00:28:35,886 6699256 [main] INFO  - Master-SN 正在运行..
2013-12-31 00:30:15,874 6799244 [main] INFO  - Master-SN 正在运行..
2013-12-31 00:31:55,861 6899231 [main] INFO  - Master-SN 正在运行..
2013-12-31 00:33:35,849 6999219 [main] INFO  - Master-SN 正在运行..
2013-12-31 00:35:15,836 7099206 [main] INFO  - Master-SN 正在运行..
2013-12-31 00:36:55,824 7199194 [main] INFO  - Master-SN 正在运行..
2013-12-31 00:38:35,811 7299181 [main] INFO  - Master-SN 正在运行..
2013-12-31 00:40:15,799 7399169 [main] INFO  - Master-SN 正在运行..
2013-12-31 00:41:55,786 7499156 [main] INFO  - Master-SN 正在运行..
2013-12-31 00:43:35,774 7599144 [main] INFO  - Master-SN 正在运行..
2013-12-31 00:45:15,823 7699193 [main] INFO  - Master-SN 正在运行..
2013-12-31 00:46:55,810 7799180 [main] INFO  - Master-SN 正在运行..
2013-12-31 00:48:35,798 7899168 [main] INFO  - Master-SN 正在运行..
2013-12-31 00:50:15,785 7999155 [main] INFO  - Master-SN 正在运行..
2013-12-31 00:51:55,773 8099143 [main] INFO  - Master-SN 正在运行..
2013-12-31 00:53:35,760 8199130 [main] INFO  - Master-SN 正在运行..
2013-12-31 00:55:15,748 8299118 [main] INFO  - Master-SN 正在运行..
2013-12-31 00:56:55,735 8399105 [main] INFO  - Master-SN 正在运行..
2013-12-31 00:58:35,723 8499093 [main] INFO  - Master-SN 正在运行..
2013-12-31 01:00:15,711 8599081 [main] INFO  - Master-SN 正在运行..
2013-12-31 01:01:55,698 8699068 [main] INFO  - Master-SN 正在运行..
2013-12-31 01:03:35,686 8799056 [main] INFO  - Master-SN 正在运行..
2013-12-31 01:05:15,673 8899043 [main] INFO  - Master-SN 正在运行..
2013-12-31 01:06:55,681 8999051 [main] INFO  - Master-SN 正在运行..
2013-12-31 01:08:35,669 9099039 [main] INFO  - Master-SN 正在运行..
2013-12-31 01:10:15,656 9199026 [main] INFO  - Master-SN 正在运行..
2013-12-31 01:11:55,644 9299014 [main] INFO  - Master-SN 正在运行..
2013-12-31 01:13:35,631 9399001 [main] INFO  - Master-SN 正在运行..
2013-12-31 01:15:15,619 9498989 [main] INFO  - Master-SN 正在运行..
2013-12-31 01:16:55,606 9598976 [main] INFO  - Master-SN 正在运行..
2013-12-31 01:18:35,594 9698964 [main] INFO  - Master-SN 正在运行..
2013-12-31 01:20:15,581 9798951 [main] INFO  - Master-SN 正在运行..
2013-12-31 01:21:55,569 9898939 [main] INFO  - Master-SN 正在运行..
2013-12-31 01:23:35,556 9998926 [main] INFO  - Master-SN 正在运行..
2013-12-31 01:25:15,544 10098914 [main] INFO  - Master-SN 正在运行..
2013-12-31 01:26:55,531 10198901 [main] INFO  - Master-SN 正在运行..
2013-12-31 01:28:35,545 10298915 [main] INFO  - Master-SN 正在运行..
2013-12-31 01:30:15,533 10398903 [main] INFO  - Master-SN 正在运行..
2013-12-31 01:31:55,520 10498890 [main] INFO  - Master-SN 正在运行..
2013-12-31 01:33:35,508 10598878 [main] INFO  - Master-SN 正在运行..
2013-12-31 01:35:15,512 10698882 [main] INFO  - Master-SN 正在运行..
2013-12-31 01:36:56,320 10799690 [main] INFO  - Master-SN 正在运行..
2013-12-31 01:38:37,127 10900497 [main] INFO  - Master-SN 正在运行..
2013-12-31 01:40:17,924 11001294 [main] INFO  - Master-SN 正在运行..
2013-12-31 01:41:58,211 11101581 [main] INFO  - Master-SN 正在运行..
2013-12-31 01:43:38,499 11201869 [main] INFO  - Master-SN 正在运行..
2013-12-31 01:45:18,782 11302152 [main] INFO  - Master-SN 正在运行..
2013-12-31 01:46:58,890 11402260 [main] INFO  - Master-SN 正在运行..
2013-12-31 01:48:38,997 11502367 [main] INFO  - Master-SN 正在运行..
2013-12-31 01:50:19,132 11602502 [main] INFO  - Master-SN 正在运行..
2013-12-31 01:51:59,159 11702529 [main] INFO  - Master-SN 正在运行..
2013-12-31 01:53:39,187 11802557 [main] INFO  - Master-SN 正在运行..
2013-12-31 01:55:19,214 11902584 [main] INFO  - Master-SN 正在运行..
2013-12-31 01:56:59,221 12002591 [main] INFO  - Master-SN 正在运行..
2013-12-31 01:58:39,229 12102599 [main] INFO  - Master-SN 正在运行..
2013-12-31 02:00:19,236 12202606 [main] INFO  - Master-SN 正在运行..
2013-12-31 02:01:59,244 12302614 [main] INFO  - Master-SN 正在运行..
2013-12-31 02:03:39,252 12402622 [main] INFO  - Master-SN 正在运行..
2013-12-31 02:05:19,259 12502629 [main] INFO  - Master-SN 正在运行..
2013-12-31 02:06:59,267 12602637 [main] INFO  - Master-SN 正在运行..
2013-12-31 02:08:39,274 12702644 [main] INFO  - Master-SN 正在运行..
2013-12-31 02:10:19,282 12802652 [main] INFO  - Master-SN 正在运行..
2013-12-31 02:11:59,323 12902693 [main] INFO  - Master-SN 正在运行..
2013-12-31 02:13:39,331 13002701 [main] INFO  - Master-SN 正在运行..
2013-12-31 02:15:19,338 13102708 [main] INFO  - Master-SN 正在运行..
2013-12-31 02:16:59,346 13202716 [main] INFO  - Master-SN 正在运行..
2013-12-31 02:18:39,353 13302723 [main] INFO  - Master-SN 正在运行..
2013-12-31 02:20:19,361 13402731 [main] INFO  - Master-SN 正在运行..
2013-12-31 02:21:59,368 13502738 [main] INFO  - Master-SN 正在运行..
2013-12-31 02:23:39,376 13602746 [main] INFO  - Master-SN 正在运行..
2013-12-31 02:25:19,383 13702753 [main] INFO  - Master-SN 正在运行..
2013-12-31 02:26:59,391 13802761 [main] INFO  - Master-SN 正在运行..
2013-12-31 02:28:39,398 13902768 [main] INFO  - Master-SN 正在运行..
2013-12-31 02:30:19,406 14002776 [main] INFO  - Master-SN 正在运行..
2013-12-31 02:31:59,413 14102783 [main] INFO  - Master-SN 正在运行..
2013-12-31 02:33:39,444 14202814 [main] INFO  - Master-SN 正在运行..
2013-12-31 02:35:19,452 14302822 [main] INFO  - Master-SN 正在运行..
2013-12-31 02:36:59,459 14402829 [main] INFO  - Master-SN 正在运行..
2013-12-31 02:38:39,467 14502837 [main] INFO  - Master-SN 正在运行..
2013-12-31 02:40:19,474 14602844 [main] INFO  - Master-SN 正在运行..
2013-12-31 02:41:59,482 14702852 [main] INFO  - Master-SN 正在运行..
2013-12-31 02:43:39,489 14802859 [main] INFO  - Master-SN 正在运行..
2013-12-31 02:45:19,497 14902867 [main] INFO  - Master-SN 正在运行..
2013-12-31 02:46:59,504 15002874 [main] INFO  - Master-SN 正在运行..
2013-12-31 02:48:39,512 15102882 [main] INFO  - Master-SN 正在运行..
2013-12-31 02:50:19,519 15202889 [main] INFO  - Master-SN 正在运行..
2013-12-31 02:51:59,527 15302897 [main] INFO  - Master-SN 正在运行..
2013-12-31 02:53:39,534 15402904 [main] INFO  - Master-SN 正在运行..
2013-12-31 02:55:19,550 15502920 [main] INFO  - Master-SN 正在运行..
2013-12-31 02:56:59,558 15602928 [main] INFO  - Master-SN 正在运行..
2013-12-31 02:58:39,565 15702935 [main] INFO  - Master-SN 正在运行..
2013-12-31 03:00:19,573 15802943 [main] INFO  - Master-SN 正在运行..
2013-12-31 03:01:59,580 15902950 [main] INFO  - Master-SN 正在运行..
2013-12-31 03:03:39,588 16002958 [main] INFO  - Master-SN 正在运行..
2013-12-31 03:05:19,595 16102965 [main] INFO  - Master-SN 正在运行..
2013-12-31 03:06:59,603 16202973 [main] INFO  - Master-SN 正在运行..
2013-12-31 03:08:39,610 16302980 [main] INFO  - Master-SN 正在运行..
2013-12-31 03:10:19,618 16402988 [main] INFO  - Master-SN 正在运行..
2013-12-31 03:11:59,625 16502995 [main] INFO  - Master-SN 正在运行..
2013-12-31 03:13:39,633 16603003 [main] INFO  - Master-SN 正在运行..
2013-12-31 03:15:19,640 16703010 [main] INFO  - Master-SN 正在运行..
2013-12-31 03:16:59,679 16803049 [main] INFO  - Master-SN 正在运行..
2013-12-31 03:18:39,686 16903056 [main] INFO  - Master-SN 正在运行..
2013-12-31 03:20:19,694 17003064 [main] INFO  - Master-SN 正在运行..
2013-12-31 03:21:59,701 17103071 [main] INFO  - Master-SN 正在运行..
2013-12-31 03:23:39,709 17203079 [main] INFO  - Master-SN 正在运行..
2013-12-31 03:25:19,716 17303086 [main] INFO  - Master-SN 正在运行..
2013-12-31 03:26:59,724 17403094 [main] INFO  - Master-SN 正在运行..
2013-12-31 03:28:39,731 17503101 [main] INFO  - Master-SN 正在运行..
2013-12-31 03:30:19,739 17603109 [main] INFO  - Master-SN 正在运行..
2013-12-31 03:31:59,746 17703116 [main] INFO  - Master-SN 正在运行..
2013-12-31 03:33:39,754 17803124 [main] INFO  - Master-SN 正在运行..
2013-12-31 03:35:19,761 17903131 [main] INFO  - Master-SN 正在运行..
2013-12-31 03:36:59,769 18003139 [main] INFO  - Master-SN 正在运行..
2013-12-31 03:38:39,778 18103148 [main] INFO  - Master-SN 正在运行..
2013-12-31 03:40:19,786 18203156 [main] INFO  - Master-SN 正在运行..
2013-12-31 03:41:59,793 18303163 [main] INFO  - Master-SN 正在运行..
2013-12-31 03:43:39,801 18403171 [main] INFO  - Master-SN 正在运行..
2013-12-31 03:45:19,808 18503178 [main] INFO  - Master-SN 正在运行..
2013-12-31 03:46:59,816 18603186 [main] INFO  - Master-SN 正在运行..
2013-12-31 03:48:39,823 18703193 [main] INFO  - Master-SN 正在运行..
2013-12-31 03:50:19,831 18803201 [main] INFO  - Master-SN 正在运行..
2013-12-31 03:51:59,838 18903208 [main] INFO  - Master-SN 正在运行..
2013-12-31 03:53:39,846 19003216 [main] INFO  - Master-SN 正在运行..
2013-12-31 03:55:19,853 19103223 [main] INFO  - Master-SN 正在运行..
2013-12-31 03:56:59,861 19203231 [main] INFO  - Master-SN 正在运行..
2013-12-31 03:58:39,868 19303238 [main] INFO  - Master-SN 正在运行..
2013-12-31 04:00:19,905 19403275 [main] INFO  - Master-SN 正在运行..
2013-12-31 04:01:59,913 19503283 [main] INFO  - Master-SN 正在运行..
2013-12-31 04:03:39,920 19603290 [main] INFO  - Master-SN 正在运行..
2013-12-31 04:05:19,928 19703298 [main] INFO  - Master-SN 正在运行..
2013-12-31 04:06:59,935 19803305 [main] INFO  - Master-SN 正在运行..
2013-12-31 04:08:39,943 19903313 [main] INFO  - Master-SN 正在运行..
2013-12-31 04:10:19,951 20003321 [main] INFO  - Master-SN 正在运行..
2013-12-31 04:11:59,958 20103328 [main] INFO  - Master-SN 正在运行..
2013-12-31 04:13:39,966 20203336 [main] INFO  - Master-SN 正在运行..
2013-12-31 04:15:19,973 20303343 [main] INFO  - Master-SN 正在运行..
2013-12-31 04:16:59,981 20403351 [main] INFO  - Master-SN 正在运行..
2013-12-31 04:18:39,989 20503359 [main] INFO  - Master-SN 正在运行..
2013-12-31 04:20:19,996 20603366 [main] INFO  - Master-SN 正在运行..
2013-12-31 04:22:00,008 20703378 [main] INFO  - Master-SN 正在运行..
2013-12-31 04:23:40,016 20803386 [main] INFO  - Master-SN 正在运行..
2013-12-31 04:25:20,023 20903393 [main] INFO  - Master-SN 正在运行..
2013-12-31 04:27:00,031 21003401 [main] INFO  - Master-SN 正在运行..
2013-12-31 04:28:40,042 21103412 [main] INFO  - Master-SN 正在运行..
2013-12-31 04:30:20,050 21203420 [main] INFO  - Master-SN 正在运行..
2013-12-31 04:32:00,057 21303427 [main] INFO  - Master-SN 正在运行..
2013-12-31 04:33:40,064 21403434 [main] INFO  - Master-SN 正在运行..
2013-12-31 04:35:20,072 21503442 [main] INFO  - Master-SN 正在运行..
2013-12-31 04:37:00,079 21603449 [main] INFO  - Master-SN 正在运行..
2013-12-31 04:38:40,087 21703457 [main] INFO  - Master-SN 正在运行..
2013-12-31 04:40:20,094 21803464 [main] INFO  - Master-SN 正在运行..
2013-12-31 04:42:00,102 21903472 [main] INFO  - Master-SN 正在运行..
2013-12-31 04:43:40,116 22003486 [main] INFO  - Master-SN 正在运行..
2013-12-31 04:45:20,124 22103494 [main] INFO  - Master-SN 正在运行..
2013-12-31 04:47:00,132 22203502 [main] INFO  - Master-SN 正在运行..
2013-12-31 04:48:40,139 22303509 [main] INFO  - Master-SN 正在运行..
2013-12-31 04:50:20,147 22403517 [main] INFO  - Master-SN 正在运行..
2013-12-31 04:52:00,154 22503524 [main] INFO  - Master-SN 正在运行..
2013-12-31 04:53:40,162 22603532 [main] INFO  - Master-SN 正在运行..
2013-12-31 04:55:20,169 22703539 [main] INFO  - Master-SN 正在运行..
2013-12-31 04:57:00,177 22803547 [main] INFO  - Master-SN 正在运行..
2013-12-31 04:58:40,184 22903554 [main] INFO  - Master-SN 正在运行..
2013-12-31 05:00:20,192 23003562 [main] INFO  - Master-SN 正在运行..
2013-12-31 05:02:00,199 23103569 [main] INFO  - Master-SN 正在运行..
2013-12-31 05:03:40,207 23203577 [main] INFO  - Master-SN 正在运行..
2013-12-31 05:05:20,264 23303634 [main] INFO  - Master-SN 正在运行..
2013-12-31 05:07:00,272 23403642 [main] INFO  - Master-SN 正在运行..
2013-12-31 05:08:40,279 23503649 [main] INFO  - Master-SN 正在运行..
2013-12-31 05:10:20,287 23603657 [main] INFO  - Master-SN 正在运行..
2013-12-31 05:12:00,294 23703664 [main] INFO  - Master-SN 正在运行..
2013-12-31 05:13:40,302 23803672 [main] INFO  - Master-SN 正在运行..
2013-12-31 05:15:20,309 23903679 [main] INFO  - Master-SN 正在运行..
2013-12-31 05:17:00,317 24003687 [main] INFO  - Master-SN 正在运行..
2013-12-31 05:18:40,324 24103694 [main] INFO  - Master-SN 正在运行..
2013-12-31 05:20:20,332 24203702 [main] INFO  - Master-SN 正在运行..
2013-12-31 05:22:00,339 24303709 [main] INFO  - Master-SN 正在运行..
2013-12-31 05:23:40,347 24403717 [main] INFO  - Master-SN 正在运行..
2013-12-31 05:25:20,354 24503724 [main] INFO  - Master-SN 正在运行..
2013-12-31 05:27:00,376 24603746 [main] INFO  - Master-SN 正在运行..
2013-12-31 05:28:40,384 24703754 [main] INFO  - Master-SN 正在运行..
2013-12-31 05:30:20,391 24803761 [main] INFO  - Master-SN 正在运行..
2013-12-31 05:32:00,399 24903769 [main] INFO  - Master-SN 正在运行..
2013-12-31 05:33:40,406 25003776 [main] INFO  - Master-SN 正在运行..
2013-12-31 05:35:20,414 25103784 [main] INFO  - Master-SN 正在运行..
2013-12-31 05:37:00,422 25203792 [main] INFO  - Master-SN 正在运行..
2013-12-31 05:38:40,429 25303799 [main] INFO  - Master-SN 正在运行..
2013-12-31 05:40:20,437 25403807 [main] INFO  - Master-SN 正在运行..
2013-12-31 05:42:00,444 25503814 [main] INFO  - Master-SN 正在运行..
2013-12-31 05:43:40,452 25603822 [main] INFO  - Master-SN 正在运行..
2013-12-31 05:45:20,459 25703829 [main] INFO  - Master-SN 正在运行..
2013-12-31 05:47:00,467 25803837 [main] INFO  - Master-SN 正在运行..
2013-12-31 05:48:40,492 25903862 [main] INFO  - Master-SN 正在运行..
2013-12-31 05:50:20,499 26003869 [main] INFO  - Master-SN 正在运行..
2013-12-31 05:52:00,507 26103877 [main] INFO  - Master-SN 正在运行..
2013-12-31 05:53:40,514 26203884 [main] INFO  - Master-SN 正在运行..
2013-12-31 05:55:20,522 26303892 [main] INFO  - Master-SN 正在运行..
2013-12-31 05:57:00,529 26403899 [main] INFO  - Master-SN 正在运行..
2013-12-31 05:58:40,537 26503907 [main] INFO  - Master-SN 正在运行..
2013-12-31 06:00:20,544 26603914 [main] INFO  - Master-SN 正在运行..
2013-12-31 06:02:00,552 26703922 [main] INFO  - Master-SN 正在运行..
2013-12-31 06:03:40,568 26803938 [main] INFO  - Master-SN 正在运行..
2013-12-31 06:05:20,575 26903945 [main] INFO  - Master-SN 正在运行..
2013-12-31 06:07:00,583 27003953 [main] INFO  - Master-SN 正在运行..
2013-12-31 06:08:40,590 27103960 [main] INFO  - Master-SN 正在运行..
2013-12-31 06:10:20,604 27203974 [main] INFO  - Master-SN 正在运行..
2013-12-31 06:12:00,611 27303981 [main] INFO  - Master-SN 正在运行..
2013-12-31 06:13:40,619 27403989 [main] INFO  - Master-SN 正在运行..
2013-12-31 06:15:20,626 27503996 [main] INFO  - Master-SN 正在运行..
2013-12-31 06:17:00,634 27604004 [main] INFO  - Master-SN 正在运行..
2013-12-31 06:18:40,641 27704011 [main] INFO  - Master-SN 正在运行..
2013-12-31 06:20:20,649 27804019 [main] INFO  - Master-SN 正在运行..
2013-12-31 06:22:00,656 27904026 [main] INFO  - Master-SN 正在运行..
2013-12-31 06:23:40,664 28004034 [main] INFO  - Master-SN 正在运行..
2013-12-31 06:25:20,671 28104041 [main] INFO  - Master-SN 正在运行..
2013-12-31 06:27:00,679 28204049 [main] INFO  - Master-SN 正在运行..
2013-12-31 06:28:40,686 28304056 [main] INFO  - Master-SN 正在运行..
2013-12-31 06:30:20,694 28404064 [main] INFO  - Master-SN 正在运行..
2013-12-31 06:32:00,737 28504107 [main] INFO  - Master-SN 正在运行..
2013-12-31 06:33:40,744 28604114 [main] INFO  - Master-SN 正在运行..
2013-12-31 06:35:20,752 28704122 [main] INFO  - Master-SN 正在运行..
2013-12-31 06:37:00,759 28804129 [main] INFO  - Master-SN 正在运行..
2013-12-31 06:38:40,767 28904137 [main] INFO  - Master-SN 正在运行..
2013-12-31 06:40:20,774 29004144 [main] INFO  - Master-SN 正在运行..
2013-12-31 06:42:00,782 29104152 [main] INFO  - Master-SN 正在运行..
2013-12-31 06:43:40,789 29204159 [main] INFO  - Master-SN 正在运行..
2013-12-31 06:45:20,797 29304167 [main] INFO  - Master-SN 正在运行..
2013-12-31 06:47:00,804 29404174 [main] INFO  - Master-SN 正在运行..
2013-12-31 06:48:40,812 29504182 [main] INFO  - Master-SN 正在运行..
2013-12-31 06:50:20,819 29604189 [main] INFO  - Master-SN 正在运行..
2013-12-31 06:52:00,827 29704197 [main] INFO  - Master-SN 正在运行..
2013-12-31 06:53:40,850 29804220 [main] INFO  - Master-SN 正在运行..
2013-12-31 06:55:20,858 29904228 [main] INFO  - Master-SN 正在运行..
2013-12-31 06:57:00,865 30004235 [main] INFO  - Master-SN 正在运行..
2013-12-31 06:58:40,873 30104243 [main] INFO  - Master-SN 正在运行..
2013-12-31 07:00:20,880 30204250 [main] INFO  - Master-SN 正在运行..
2013-12-31 07:02:00,888 30304258 [main] INFO  - Master-SN 正在运行..
2013-12-31 07:03:40,895 30404265 [main] INFO  - Master-SN 正在运行..
2013-12-31 07:05:20,903 30504273 [main] INFO  - Master-SN 正在运行..
2013-12-31 07:07:00,910 30604280 [main] INFO  - Master-SN 正在运行..
2013-12-31 07:08:40,918 30704288 [main] INFO  - Master-SN 正在运行..
2013-12-31 07:10:20,925 30804295 [main] INFO  - Master-SN 正在运行..
2013-12-31 07:12:00,933 30904303 [main] INFO  - Master-SN 正在运行..
2013-12-31 07:13:40,940 31004310 [main] INFO  - Master-SN 正在运行..
2013-12-31 07:15:20,994 31104364 [main] INFO  - Master-SN 正在运行..
2013-12-31 07:17:01,002 31204372 [main] INFO  - Master-SN 正在运行..
2013-12-31 07:18:41,009 31304379 [main] INFO  - Master-SN 正在运行..
2013-12-31 07:20:21,017 31404387 [main] INFO  - Master-SN 正在运行..
2013-12-31 07:22:01,024 31504394 [main] INFO  - Master-SN 正在运行..
2013-12-31 07:23:41,032 31604402 [main] INFO  - Master-SN 正在运行..
2013-12-31 07:25:21,039 31704409 [main] INFO  - Master-SN 正在运行..
2013-12-31 07:27:01,047 31804417 [main] INFO  - Master-SN 正在运行..
2013-12-31 07:28:41,054 31904424 [main] INFO  - Master-SN 正在运行..
2013-12-31 07:30:21,062 32004432 [main] INFO  - Master-SN 正在运行..
2013-12-31 07:32:01,069 32104439 [main] INFO  - Master-SN 正在运行..
2013-12-31 07:33:41,077 32204447 [main] INFO  - Master-SN 正在运行..
2013-12-31 07:35:21,084 32304454 [main] INFO  - Master-SN 正在运行..
2013-12-31 07:37:01,097 32404467 [main] INFO  - Master-SN 正在运行..
2013-12-31 07:38:41,104 32504474 [main] INFO  - Master-SN 正在运行..
2013-12-31 07:40:21,112 32604482 [main] INFO  - Master-SN 正在运行..
2013-12-31 07:42:01,119 32704489 [main] INFO  - Master-SN 正在运行..
2013-12-31 07:43:41,127 32804497 [main] INFO  - Master-SN 正在运行..
2013-12-31 07:45:21,134 32904504 [main] INFO  - Master-SN 正在运行..
2013-12-31 07:47:01,142 33004512 [main] INFO  - Master-SN 正在运行..
2013-12-31 07:48:41,149 33104519 [main] INFO  - Master-SN 正在运行..
2013-12-31 07:50:21,157 33204527 [main] INFO  - Master-SN 正在运行..
2013-12-31 07:52:01,164 33304534 [main] INFO  - Master-SN 正在运行..
2013-12-31 07:53:41,172 33404542 [main] INFO  - Master-SN 正在运行..
2013-12-31 07:55:21,179 33504549 [main] INFO  - Master-SN 正在运行..
2013-12-31 07:57:01,187 33604557 [main] INFO  - Master-SN 正在运行..
2013-12-31 07:58:41,203 33704573 [main] INFO  - Master-SN 正在运行..
2013-12-31 08:00:21,211 33804581 [main] INFO  - Master-SN 正在运行..
2013-12-31 08:02:01,218 33904588 [main] INFO  - Master-SN 正在运行..
2013-12-31 08:03:41,226 34004596 [main] INFO  - Master-SN 正在运行..
2013-12-31 08:05:21,233 34104603 [main] INFO  - Master-SN 正在运行..
2013-12-31 08:07:01,241 34204611 [main] INFO  - Master-SN 正在运行..
2013-12-31 08:08:41,248 34304618 [main] INFO  - Master-SN 正在运行..
2013-12-31 08:10:21,256 34404626 [main] INFO  - Master-SN 正在运行..
2013-12-31 08:12:01,263 34504633 [main] INFO  - Master-SN 正在运行..
2013-12-31 08:13:41,271 34604641 [main] INFO  - Master-SN 正在运行..
2013-12-31 08:15:21,278 34704648 [main] INFO  - Master-SN 正在运行..
2013-12-31 08:17:01,286 34804656 [main] INFO  - Master-SN 正在运行..
2013-12-31 08:18:41,293 34904663 [main] INFO  - Master-SN 正在运行..
2013-12-31 08:20:21,319 35004689 [main] INFO  - Master-SN 正在运行..
2013-12-31 08:22:01,328 35104698 [main] INFO  - Master-SN 正在运行..
2013-12-31 08:23:41,335 35204705 [main] INFO  - Master-SN 正在运行..
2013-12-31 08:25:21,343 35304713 [main] INFO  - Master-SN 正在运行..
2013-12-31 08:27:01,350 35404720 [main] INFO  - Master-SN 正在运行..
2013-12-31 08:28:41,358 35504728 [main] INFO  - Master-SN 正在运行..
2013-12-31 08:30:21,365 35604735 [main] INFO  - Master-SN 正在运行..
2013-12-31 08:32:01,373 35704743 [main] INFO  - Master-SN 正在运行..
2013-12-31 08:33:41,380 35804750 [main] INFO  - Master-SN 正在运行..
2013-12-31 08:35:21,388 35904758 [main] INFO  - Master-SN 正在运行..
2013-12-31 08:37:01,395 36004765 [main] INFO  - Master-SN 正在运行..
2013-12-31 08:38:41,403 36104773 [main] INFO  - Master-SN 正在运行..
2013-12-31 08:40:21,410 36204780 [main] INFO  - Master-SN 正在运行..
2013-12-31 08:42:01,440 36304810 [main] INFO  - Master-SN 正在运行..
2013-12-31 08:43:41,448 36404818 [main] INFO  - Master-SN 正在运行..
2013-12-31 08:45:21,455 36504825 [main] INFO  - Master-SN 正在运行..
2013-12-31 08:47:01,463 36604833 [main] INFO  - Master-SN 正在运行..
2013-12-31 08:48:41,470 36704840 [main] INFO  - Master-SN 正在运行..
2013-12-31 08:50:21,478 36804848 [main] INFO  - Master-SN 正在运行..
2013-12-31 08:52:01,485 36904855 [main] INFO  - Master-SN 正在运行..
2013-12-31 08:53:41,493 37004863 [main] INFO  - Master-SN 正在运行..
2013-12-31 08:55:21,500 37104870 [main] INFO  - Master-SN 正在运行..
2013-12-31 08:57:01,508 37204878 [main] INFO  - Master-SN 正在运行..
2013-12-31 08:58:41,515 37304885 [main] INFO  - Master-SN 正在运行..
2013-12-31 09:00:21,523 37404893 [main] INFO  - Master-SN 正在运行..
2013-12-31 09:02:01,531 37504901 [main] INFO  - Master-SN 正在运行..
2013-12-31 09:03:41,545 37604915 [main] INFO  - Master-SN 正在运行..
2013-12-31 09:05:21,553 37704923 [main] INFO  - Master-SN 正在运行..
2013-12-31 09:07:01,560 37804930 [main] INFO  - Master-SN 正在运行..
2013-12-31 09:08:41,568 37904938 [main] INFO  - Master-SN 正在运行..
2013-12-31 09:10:21,575 38004945 [main] INFO  - Master-SN 正在运行..
2013-12-31 09:12:01,583 38104953 [main] INFO  - Master-SN 正在运行..
2013-12-31 09:13:41,590 38204960 [main] INFO  - Master-SN 正在运行..
2013-12-31 09:15:21,598 38304968 [main] INFO  - Master-SN 正在运行..
2013-12-31 09:17:01,605 38404975 [main] INFO  - Master-SN 正在运行..
2013-12-31 09:18:41,613 38504983 [main] INFO  - Master-SN 正在运行..
2013-12-31 09:20:21,620 38604990 [main] INFO  - Master-SN 正在运行..
2013-12-31 09:22:01,628 38704998 [main] INFO  - Master-SN 正在运行..
2013-12-31 09:23:41,635 38805005 [main] INFO  - Master-SN 正在运行..
2013-12-31 09:25:21,657 38905027 [main] INFO  - Master-SN 正在运行..
2013-12-31 09:27:01,665 39005035 [main] INFO  - Master-SN 正在运行..
2013-12-31 09:28:41,672 39105042 [main] INFO  - Master-SN 正在运行..
2013-12-31 09:30:21,680 39205050 [main] INFO  - Master-SN 正在运行..
2013-12-31 09:32:01,687 39305057 [main] INFO  - Master-SN 正在运行..
2013-12-31 09:33:41,695 39405065 [main] INFO  - Master-SN 正在运行..
2013-12-31 09:35:21,702 39505072 [main] INFO  - Master-SN 正在运行..
2013-12-31 09:37:01,710 39605080 [main] INFO  - Master-SN 正在运行..
2013-12-31 09:38:41,717 39705087 [main] INFO  - Master-SN 正在运行..
2013-12-31 09:40:21,725 39805095 [main] INFO  - Master-SN 正在运行..
2013-12-31 09:42:01,732 39905102 [main] INFO  - Master-SN 正在运行..
2013-12-31 09:43:41,740 40005110 [main] INFO  - Master-SN 正在运行..
2013-12-31 09:45:21,747 40105117 [main] INFO  - Master-SN 正在运行..
2013-12-31 09:47:01,771 40205141 [main] INFO  - Master-SN 正在运行..
2013-12-31 09:48:41,778 40305148 [main] INFO  - Master-SN 正在运行..
2013-12-31 09:50:21,786 40405156 [main] INFO  - Master-SN 正在运行..
2013-12-31 09:52:01,793 40505163 [main] INFO  - Master-SN 正在运行..
2013-12-31 09:53:41,801 40605171 [main] INFO  - Master-SN 正在运行..
2013-12-31 09:55:21,808 40705178 [main] INFO  - Master-SN 正在运行..
2013-12-31 09:57:01,816 40805186 [main] INFO  - Master-SN 正在运行..
2013-12-31 09:58:41,823 40905193 [main] INFO  - Master-SN 正在运行..
2013-12-31 10:00:21,831 41005201 [main] INFO  - Master-SN 正在运行..
2013-12-31 10:02:01,838 41105208 [main] INFO  - Master-SN 正在运行..
2013-12-31 10:03:41,846 41205216 [main] INFO  - Master-SN 正在运行..
2013-12-31 10:04:46,754 0    [main] ERROR - 绑定SN服务端口：10001失败:java.net.BindException: Address already in use: JVM_Bind
2013-12-31 10:05:21,853 41305223 [main] INFO  - Master-SN 正在运行..
2013-12-31 10:07:01,861 41405231 [main] INFO  - Master-SN 正在运行..
2013-12-31 10:08:41,868 41505238 [main] INFO  - Master-SN 正在运行..
2013-12-31 10:10:21,876 41605246 [main] INFO  - Master-SN 正在运行..
2013-12-31 10:12:01,900 41705270 [main] INFO  - Master-SN 正在运行..
2013-12-31 10:13:41,908 41805278 [main] INFO  - Master-SN 正在运行..
2013-12-31 10:15:21,915 41905285 [main] INFO  - Master-SN 正在运行..
2013-12-31 10:17:01,923 42005293 [main] INFO  - Master-SN 正在运行..
2013-12-31 10:18:41,930 42105300 [main] INFO  - Master-SN 正在运行..
2013-12-31 10:20:21,952 42205322 [main] INFO  - Master-SN 正在运行..
2013-12-31 10:22:01,959 42305329 [main] INFO  - Master-SN 正在运行..
2013-12-31 10:23:41,967 42405337 [main] INFO  - Master-SN 正在运行..
2013-12-31 10:25:21,975 42505345 [main] INFO  - Master-SN 正在运行..
2013-12-31 10:27:01,982 42605352 [main] INFO  - Master-SN 正在运行..
2013-12-31 10:28:41,990 42705360 [main] INFO  - Master-SN 正在运行..
2013-12-31 10:30:21,997 42805367 [main] INFO  - Master-SN 正在运行..
2013-12-31 10:32:02,005 42905375 [main] INFO  - Master-SN 正在运行..
2013-12-31 10:33:42,013 43005383 [main] INFO  - Master-SN 正在运行..
2013-12-31 10:35:22,021 43105391 [main] INFO  - Master-SN 正在运行..
2013-12-31 10:37:02,028 43205398 [main] INFO  - Master-SN 正在运行..
2013-12-31 10:38:42,036 43305406 [main] INFO  - Master-SN 正在运行..
2013-12-31 10:40:22,043 43405413 [main] INFO  - Master-SN 正在运行..
2013-12-31 10:42:01,823 43505193 [main] INFO  - Master-SN 正在运行..
2013-12-31 10:43:41,271 43604641 [main] INFO  - Master-SN 正在运行..
2013-12-31 10:45:20,718 43704088 [main] INFO  - Master-SN 正在运行..
2013-12-31 10:47:00,312 43803682 [main] INFO  - Master-SN 正在运行..
2013-12-31 10:48:40,132 43903502 [main] INFO  - Master-SN 正在运行..
2013-12-31 10:50:19,939 44003309 [main] INFO  - Master-SN 正在运行..
2013-12-31 10:51:59,796 44103166 [main] INFO  - Master-SN 正在运行..
2013-12-31 10:53:39,723 44203093 [main] INFO  - Master-SN 正在运行..
2013-12-31 10:55:19,651 44303021 [main] INFO  - Master-SN 正在运行..
2013-12-31 10:56:59,595 44402965 [main] INFO  - Master-SN 正在运行..
2013-12-31 10:58:39,563 44502933 [main] INFO  - Master-SN 正在运行..
2013-12-31 11:00:19,530 44602900 [main] INFO  - Master-SN 正在运行..
2013-12-31 11:01:59,506 44702876 [main] INFO  - Master-SN 正在运行..
2013-12-31 11:03:39,493 44802863 [main] INFO  - Master-SN 正在运行..
2013-12-31 11:05:19,481 44902851 [main] INFO  - Master-SN 正在运行..
2013-12-31 11:06:59,468 45002838 [main] INFO  - Master-SN 正在运行..
2013-12-31 11:08:39,456 45102826 [main] INFO  - Master-SN 正在运行..
2013-12-31 11:10:19,444 45202814 [main] INFO  - Master-SN 正在运行..
2013-12-31 11:11:59,431 45302801 [main] INFO  - Master-SN 正在运行..
2013-12-31 11:13:39,419 45402789 [main] INFO  - Master-SN 正在运行..
2013-12-31 11:15:19,406 45502776 [main] INFO  - Master-SN 正在运行..
2013-12-31 11:16:59,422 45602792 [main] INFO  - Master-SN 正在运行..
2013-12-31 11:18:39,411 45702781 [main] INFO  - Master-SN 正在运行..
2013-12-31 11:20:19,398 45802768 [main] INFO  - Master-SN 正在运行..
2013-12-31 11:21:59,386 45902756 [main] INFO  - Master-SN 正在运行..
2013-12-31 11:23:39,373 46002743 [main] INFO  - Master-SN 正在运行..
2013-12-31 11:25:19,361 46102731 [main] INFO  - Master-SN 正在运行..
2013-12-31 11:26:59,348 46202718 [main] INFO  - Master-SN 正在运行..
2013-12-31 11:28:39,336 46302706 [main] INFO  - Master-SN 正在运行..
2013-12-31 11:30:19,323 46402693 [main] INFO  - Master-SN 正在运行..
2013-12-31 11:31:59,311 46502681 [main] INFO  - Master-SN 正在运行..
